<?xml version="1.0" encoding="UTF-8"?>
<!-- Generated by org.testng.reporters.JUnitReportReporter -->
<testsuite hostname="Panadol-Extra" failures="0" tests="1" name="RahulShettyAPI.CreateOrder" time="2.489" errors="0" timestamp="2023-11-04T18:18:04 PKT" skipped="0">
  <testcase classname="RahulShettyAPI.CreateOrder" name="addToCart_Test" time="2.489"/>
</testsuite> <!-- RahulShettyAPI.CreateOrder -->
