<?xml version="1.0" encoding="UTF-8"?>
<!-- Generated by org.testng.reporters.JUnitReportReporter -->
<testsuite hostname="Panadol-Extra" failures="0" tests="1" name="RahulShettyAPI.ViewProduct" time="2.022" errors="0" timestamp="2023-11-04T18:05:50 PKT" skipped="0">
  <testcase classname="RahulShettyAPI.ViewProduct" name="View_Product_Test" time="2.022"/>
</testsuite> <!-- RahulShettyAPI.ViewProduct -->
