<?xml version="1.0" encoding="UTF-8"?>
<!-- Generated by org.testng.reporters.JUnitReportReporter -->
<testsuite hostname="Panadol-Extra" failures="0" tests="2" name="RestfullAPI.getHeaderAndCookis" time="4.940" errors="0" timestamp="2023-11-01T15:22:57 PKT" skipped="1">
  <testcase classname="RestfullAPI.getHeaderAndCookis" name="addHeaderAndCookies" time="4.940"/>
  <testcase classname="RestfullAPI.getHeaderAndCookis" name="getHeaderAndCOokis">
    <skipped/>
  </testcase> <!-- getHeaderAndCOokis -->
</testsuite> <!-- RestfullAPI.getHeaderAndCookis -->
