<?xml version="1.0" encoding="UTF-8"?>
<!-- Generated by org.testng.reporters.JUnitReportReporter -->
<testsuite hostname="DESKTOP-7BM7RLH" failures="0" tests="1" name="TESTClass" time="0.012" errors="0" timestamp="2023-09-04T13:09:32 PKT" skipped="0">
  <testcase classname="TESTClass" name="Test223" time="0.012"/>
</testsuite> <!-- TESTClass -->
