<?xml version="1.0" encoding="UTF-8"?>
<!-- Generated by org.testng.reporters.JUnitReportReporter -->
<testsuite hostname="Panadol-Extra" failures="0" tests="1" name="RestfullAPI.QueryParam" time="7.095" errors="0" timestamp="2023-11-01T11:59:19 PKT" skipped="0">
  <testcase classname="RestfullAPI.QueryParam" name="QUeryParam" time="7.095"/>
</testsuite> <!-- RestfullAPI.QueryParam -->
