<?xml version="1.0" encoding="UTF-8"?>
<!-- Generated by org.testng.reporters.JUnitReportReporter -->
<testsuite hostname="Panadol-Extra" failures="0" tests="1" name="RahulShettyAPI.LoginUser" time="4.055" errors="0" timestamp="2023-11-04T18:05:27 PKT" skipped="0">
  <testcase classname="RahulShettyAPI.LoginUser" name="LoginUserr" time="4.055"/>
</testsuite> <!-- RahulShettyAPI.LoginUser -->
